<?xml version="1.0" encoding="UTF-8"?>
<!-- Generated by org.testng.reporters.JUnitReportReporter -->
<testsuite hostname="LAPTOP-AM9BIG6C" failures="0" tests="1" name="com.practiceTest.tests.LoginTests" time="6.175" errors="0" timestamp="2023-11-13T17:37:13 IST" skipped="0">
  <testcase classname="com.practiceTest.tests.LoginTests" name="loginTest" time="6.175"/>
</testsuite> <!-- com.practiceTest.tests.LoginTests -->
