<?xml version="1.0" encoding="UTF-8"?>
<!-- Generated by org.testng.reporters.JUnitReportReporter -->
<testsuite hostname="LAPTOP-AM9BIG6C" failures="0" tests="1" name="com.practiceTest.tests.FirstTest" time="16.574" errors="0" timestamp="2023-11-10T20:27:12 IST" skipped="0">
  <testcase classname="com.practiceTest.tests.FirstTest" name="test" time="16.574"/>
</testsuite> <!-- com.practiceTest.tests.FirstTest -->
